   Compiling primetime-node v0.1.0 (/app/primetime-node)
warning: unused import: `get_ordinal_for_prime`
 --> src/ledger.rs:5:25
  |
5 | use crate::core::{Unit, get_ordinal_for_prime, PRIMES};
  |                         ^^^^^^^^^^^^^^^^^^^^^
  |
  = note: `#[warn(unused_imports)]` (part of `#[warn(unused)]`) on by default

warning: unused import: `std::sync::Arc`
 --> src/server.rs:9:5
  |
9 | use std::sync::Arc;
  |     ^^^^^^^^^^^^^^

warning: unused import: `parking_lot::RwLock`
  --> src/main.rs:10:5
   |
10 | use parking_lot::RwLock;
   |     ^^^^^^^^^^^^^^^^^^^

warning: `primetime-node` (bin "primetime-node") generated 3 warnings (run `cargo fix --bin "primetime-node" -p primetime-node` to apply 3 suggestions)
    Finished `dev` profile [unoptimized + debuginfo] target(s) in 10.19s
     Running `target/debug/primetime-node 3001 0`
Node ID: 12D3KooWETNtiLbsgUhKUuBNXB4zDr68uuVj8jcjUQgCCSThBV8b
🚀 Starting UI Server on http://0.0.0.0:3001
